<?xml version="1.0" encoding="UTF-8"?>
<testng-results ignored="0" total="3" passed="3" failed="0" skipped="0">
  <reporter-output>
  </reporter-output>
  <suite started-at="2026-07-17T01:24:40 IST" name="Suite" finished-at="2026-07-17T01:25:12 IST" duration-ms="31589">
    <groups>
    </groups>
    <test started-at="2026-07-17T01:24:40 IST" name="Test" finished-at="2026-07-17T01:25:12 IST" duration-ms="31589">
      <class name="test.Success_Login">
        <test-method is-config="true" signature="setup()[pri:0, instance:test.Success_Login@dbf57b3]" started-at="2026-07-17T01:24:40 IST" name="setup" finished-at="2026-07-17T01:24:46 IST" duration-ms="5791" status="PASS">
          <reporter-output>
          </reporter-output>
        </test-method> <!-- setup -->
        <test-method signature="test()[pri:0, instance:test.Success_Login@dbf57b3]" started-at="2026-07-17T01:24:46 IST" name="test" finished-at="2026-07-17T01:25:11 IST" duration-ms="25117" status="PASS">
          <reporter-output>
          </reporter-output>
        </test-method> <!-- test -->
        <test-method is-config="true" signature="tearDown()[pri:0, instance:test.Success_Login@dbf57b3]" started-at="2026-07-17T01:25:11 IST" name="tearDown" finished-at="2026-07-17T01:25:12 IST" duration-ms="624" status="PASS">
          <reporter-output>
          </reporter-output>
        </test-method> <!-- tearDown -->
      </class> <!-- test.Success_Login -->
    </test> <!-- Test -->
  </suite> <!-- Suite -->
  <suite started-at="2026-07-17T01:25:53 IST" name="Suite (1)" finished-at="2026-07-17T01:26:35 IST" duration-ms="42024">
    <groups>
    </groups>
    <test started-at="2026-07-17T01:25:53 IST" name="Test" finished-at="2026-07-17T01:26:35 IST" duration-ms="42024">
      <class name="test.UpdateResumeHeadline">
        <test-method is-config="true" signature="setup()[pri:0, instance:test.UpdateResumeHeadline@3349e9bb]" started-at="2026-07-17T01:25:53 IST" name="setup" finished-at="2026-07-17T01:25:58 IST" duration-ms="4563" status="PASS">
          <reporter-output>
          </reporter-output>
        </test-method> <!-- setup -->
        <test-method signature="updateResumeHeadline()[pri:0, instance:test.UpdateResumeHeadline@3349e9bb]" started-at="2026-07-17T01:25:58 IST" name="updateResumeHeadline" finished-at="2026-07-17T01:26:35 IST" duration-ms="36740" status="PASS">
          <reporter-output>
          </reporter-output>
        </test-method> <!-- updateResumeHeadline -->
        <test-method is-config="true" signature="tearDown()[pri:0, instance:test.UpdateResumeHeadline@3349e9bb]" started-at="2026-07-17T01:26:35 IST" name="tearDown" finished-at="2026-07-17T01:26:35 IST" duration-ms="719" status="PASS">
          <reporter-output>
          </reporter-output>
        </test-method> <!-- tearDown -->
      </class> <!-- test.UpdateResumeHeadline -->
    </test> <!-- Test -->
  </suite> <!-- Suite (1) -->
  <suite started-at="2026-07-17T01:25:12 IST" name="Suite (0)" finished-at="2026-07-17T01:25:53 IST" duration-ms="41592">
    <groups>
    </groups>
    <test started-at="2026-07-17T01:25:12 IST" name="Test" finished-at="2026-07-17T01:25:53 IST" duration-ms="41592">
      <class name="test.Upload_Resume">
        <test-method is-config="true" signature="setup()[pri:0, instance:test.Upload_Resume@1283bb96]" started-at="2026-07-17T01:25:12 IST" name="setup" finished-at="2026-07-17T01:25:13 IST" duration-ms="1769" status="PASS">
          <reporter-output>
          </reporter-output>
        </test-method> <!-- setup -->
        <test-method signature="test()[pri:0, instance:test.Upload_Resume@1283bb96]" started-at="2026-07-17T01:25:13 IST" name="test" finished-at="2026-07-17T01:25:52 IST" duration-ms="39042" status="PASS">
          <reporter-output>
          </reporter-output>
        </test-method> <!-- test -->
        <test-method is-config="true" signature="tearDown()[pri:0, instance:test.Upload_Resume@1283bb96]" started-at="2026-07-17T01:25:52 IST" name="tearDown" finished-at="2026-07-17T01:25:53 IST" duration-ms="767" status="PASS">
          <reporter-output>
          </reporter-output>
        </test-method> <!-- tearDown -->
      </class> <!-- test.Upload_Resume -->
    </test> <!-- Test -->
  </suite> <!-- Suite (0) -->
</testng-results>
