<?xml version="1.0" encoding="UTF-8"?>
<testsuite xmlns:xsi="http://www.w3.org/2001/XMLSchema-instance" xsi:noNamespaceSchemaLocation="https://maven.apache.org/surefire/maven-surefire-plugin/xsd/surefire-test-report.xsd" version="3.0.2" name="TestSuite" time="115.961" tests="3" errors="0" skipped="0" failures="0">
  <properties>
[...]
</properties>
  <testcase name="test" classname="test.Success_Login" time="25.12">
    <system-out><![CDATA[----- Browser launched -----
----- Navigated to URL : https://www.naukri.com -----
=====Success Login Test Started=====
-----Login Page Validated-----
-----Clicked on Login Page Button-----
-----Username Entered-----
-----Password Entered -----
-----Clicked on Login Button -----
-----No Slider Pop Up Message Displayed-----
-----Validated Success Login for Ashutosh Behera-----
-----Clicked On Profile Button-----
-----Clicked On Logout Button-----
-----Login Page Validated-----
=====Success Login Test Successfully Completed=====
]]></system-out>
    <system-err><![CDATA[SLF4J(W): No SLF4J providers were found.
SLF4J(W): Defaulting to no-operation (NOP) logger implementation
SLF4J(W): See https://www.slf4j.org/codes.html#noProviders for further details.
Jul 17, 2026 1:24:42 AM org.openqa.selenium.devtools.CdpVersionFinder findNearestMatch
WARNING: Unable to find an exact match for CDP version 150, returning the closest version; found: 149; Please update to a Selenium version that supports CDP version 150
]]></system-err>
  </testcase>
  <testcase name="test" classname="test.Upload_Resume" time="39.024">
    <system-out><![CDATA[----- Browser Closed -----
----- Browser launched -----
----- Navigated to URL : https://www.naukri.com -----
=====Upload Resume Test Started=====
-----Login Page Validated-----
-----Clicked on Login Page Button-----
-----Username Entered-----
-----Password Entered -----
-----Clicked on Login Button -----
-----No Slider Pop Up Message Displayed-----
-----Validated Success Login for Ashutosh Behera-----
-----Clicked on View Profile Button-----
-----Clicked on Upload Resume Button-----
-----Uploading file: C:\Repos\Noukri_Automation\src\test\resources\Ashutosh_Behera_Resume.pdf-----
-----File Uploaded Successfully -----
-----Clicked on Home Page Logo From Profile Page-----
-----Validated Profile Status Last updated today-----
-----Clicked On Profile Button-----
-----Clicked On Logout Button-----
-----Login Page Validated-----
=====Upload Resume Test Successfully Completed=====
]]></system-out>
    <system-err><![CDATA[Jul 17, 2026 1:25:13 AM org.openqa.selenium.devtools.CdpVersionFinder findNearestMatch
WARNING: Unable to find an exact match for CDP version 150, returning the closest version; found: 149; Please update to a Selenium version that supports CDP version 150
]]></system-err>
  </testcase>
  <testcase name="updateResumeHeadline" classname="test.UpdateResumeHeadline" time="36.741">
    <system-out><![CDATA[----- Browser Closed -----
----- Browser launched -----
----- Navigated to URL : https://www.naukri.com -----
=====Upload Resume Headline Test Started=====
-----Login Page Validated-----
-----Clicked on Login Page Button-----
-----Username Entered-----
-----Password Entered -----
-----Clicked on Login Button -----
-----No Slider Pop Up Message Displayed-----
-----Validated Success Login for Ashutosh Behera-----
-----Clicked on View Profile Button-----
-----Clicked on Resume Headline On Left Panel-----
-----Clicked on Resume Headline Edit Button-----
-----Entered Updated Resume Header into Text box-----
-----Clicked On Resume Header Text Box Save Button-----
-----Clicked on Home Page Logo From Profile Page-----
-----Validated Profile Status Last updated today-----
-----Clicked On Profile Button-----
-----Clicked On Logout Button-----
-----Login Page Validated-----
=====Upload Resume Headline Test Successfully Completed=====
]]></system-out>
    <system-err><![CDATA[Jul 17, 2026 1:25:55 AM org.openqa.selenium.devtools.CdpVersionFinder findNearestMatch
WARNING: Unable to find an exact match for CDP version 150, returning the closest version; found: 149; Please update to a Selenium version that supports CDP version 150
]]></system-err>
  </testcase>
</testsuite>