<?xml version="1.0" encoding="UTF-8"?>
<testng-results ignored="0" total="1" passed="1" failed="0" skipped="0">
  <reporter-output>
  </reporter-output>
  <suite started-at="2026-07-16T23:16:24 IST" name="Suite" finished-at="2026-07-16T23:17:17 IST" duration-ms="53166">
    <groups>
    </groups>
    <test started-at="2026-07-16T23:16:24 IST" name="Test" finished-at="2026-07-16T23:17:17 IST" duration-ms="53166">
      <class name="test.Upload_Resume">
        <test-method is-config="true" signature="setup()[pri:0, instance:test.Upload_Resume@dd05255]" started-at="2026-07-16T23:16:24 IST" name="setup" finished-at="2026-07-16T23:16:32 IST" duration-ms="7669" status="PASS">
          <reporter-output>
          </reporter-output>
        </test-method> <!-- setup -->
        <test-method signature="test()[pri:0, instance:test.Upload_Resume@dd05255]" started-at="2026-07-16T23:16:32 IST" name="test" finished-at="2026-07-16T23:17:16 IST" duration-ms="44144" status="PASS">
          <reporter-output>
          </reporter-output>
        </test-method> <!-- test -->
        <test-method is-config="true" signature="close()[pri:0, instance:test.Upload_Resume@dd05255]" started-at="2026-07-16T23:17:16 IST" name="close" finished-at="2026-07-16T23:17:17 IST" duration-ms="1179" status="PASS">
          <reporter-output>
          </reporter-output>
        </test-method> <!-- close -->
      </class> <!-- test.Upload_Resume -->
    </test> <!-- Test -->
  </suite> <!-- Suite -->
</testng-results>
